MarvelousScornfulLevel/Apktool-android/apktool/build/intermediates/manifest_merge_blame_file/debug/processDebugMainManifest/manifest-merger-blame-debug-report.txt
1<?xml version="1.0" encoding="utf-8"?>
2<manifest xmlns:android="http://schemas.android.com/apk/res/android"
3    package="com.a4455jkjh.apktool"
4    android:versionCode="1903280240"
5    android:versionName="2.4.0-190328" >
6
7    <uses-sdk
8        android:minSdkVersion="14"
9        android:targetSdkVersion="36" />
10
11    <uses-permission android:name="android.permission.READ_EXTERNAL_STORAGE" />
11-->src/main/AndroidManifest.xml:5:2-76
11-->src/main/AndroidManifest.xml:5:19-74
12    <uses-permission android:name="android.permission.WRITE_EXTERNAL_STORAGE" />
12-->src/main/AndroidManifest.xml:6:2-77
12-->src/main/AndroidManifest.xml:6:19-75
13    <uses-permission android:name="android.permission.MANAGE_EXTERNAL_STORAGE" />
13-->src/main/AndroidManifest.xml:7:2-78
13-->src/main/AndroidManifest.xml:7:19-76
14    <uses-permission android:name="android.permission.REQUEST_INSTALL_PACKAGES" />
14-->src/main/AndroidManifest.xml:8:2-79
14-->src/main/AndroidManifest.xml:8:19-77
15    <uses-permission android:name="android.permission.REQUEST_DELETE_PACKAGES" />
15-->src/main/AndroidManifest.xml:9:2-78
15-->src/main/AndroidManifest.xml:9:19-76
16    <uses-permission android:name="android.permission.QUERY_ALL_PACKAGES" />
16-->src/main/AndroidManifest.xml:10:2-73
16-->src/main/AndroidManifest.xml:10:19-71
17    <uses-permission android:name="android.permission.SET_WALLPAPER" />
17-->src/main/AndroidManifest.xml:11:2-68
17-->src/main/AndroidManifest.xml:11:19-66
18
19    <application
19-->src/main/AndroidManifest.xml:12:2-50:16
20        android:name="com.a4455jkjh.apktool.ApktoolApplication"
20-->src/main/AndroidManifest.xml:13:3-37
21        android:appComponentFactory="androidx.core.app.CoreComponentFactory"
21-->[androidx.core:core:1.0.0] AndroidManifest.xml:22:18-86
22        android:debuggable="true"
23        android:extractNativeLibs="true"
24        android:icon="@mipmap/apktool"
24-->src/main/AndroidManifest.xml:14:3-33
25        android:label="@string/app_name"
25-->src/main/AndroidManifest.xml:16:3-35
26        android:largeHeap="true"
26-->src/main/AndroidManifest.xml:15:3-27
27        android:resizeableActivity="true"
27-->src/main/AndroidManifest.xml:18:3-36
28        android:theme="@style/AppThemeLight" >
28-->src/main/AndroidManifest.xml:17:3-39
29        <activity
29-->src/main/AndroidManifest.xml:19:3-32:14
30            android:name="com.a4455jkjh.apktool.MainActivity"
30-->src/main/AndroidManifest.xml:20:4-32
31            android:configChanges="orientation|screenSize|keyboardHidden"
31-->src/main/AndroidManifest.xml:23:4-65
32            android:exported="true"
32-->src/main/AndroidManifest.xml:21:4-27
33            android:label="@string/app_name"
33-->src/main/AndroidManifest.xml:24:4-36
34            android:launchMode="singleTask"
34-->src/main/AndroidManifest.xml:22:4-35
35            android:windowSoftInputMode="adjustResize" >
35-->src/main/AndroidManifest.xml:25:4-46
36            <intent-filter>
36-->src/main/AndroidManifest.xml:26:4-31:20
37                <action android:name="android.intent.action.MAIN" />
37-->src/main/AndroidManifest.xml:27:5-56
37-->src/main/AndroidManifest.xml:27:13-54
38
39                <category android:name="android.intent.category.LAUNCHER" />
39-->src/main/AndroidManifest.xml:28:5-64
39-->src/main/AndroidManifest.xml:28:15-62
40                <category android:name="android.intent.category.HOME" />
40-->src/main/AndroidManifest.xml:29:5-60
40-->src/main/AndroidManifest.xml:29:15-58
41                <category android:name="android.intent.category.DEFAULT" />
41-->src/main/AndroidManifest.xml:30:5-63
41-->src/main/AndroidManifest.xml:30:15-61
42            </intent-filter>
43        </activity>
44        <activity
44-->src/main/AndroidManifest.xml:33:1-36:35
45            android:name="com.a4455jkjh.apktool.AppDrawerActivity"
45-->src/main/AndroidManifest.xml:34:1-34
46            android:exported="false"
46-->src/main/AndroidManifest.xml:35:1-25
47            android:label="@string/app_name" />
47-->src/main/AndroidManifest.xml:36:1-33
48        <activity
48-->src/main/AndroidManifest.xml:37:1-40:38
49            android:name="com.a4455jkjh.apktool.InstallApkActivity"
49-->src/main/AndroidManifest.xml:38:1-35
50            android:exported="false"
50-->src/main/AndroidManifest.xml:39:1-25
51            android:label="@string/install_app" />
51-->src/main/AndroidManifest.xml:40:1-36
52        <activity
52-->src/main/AndroidManifest.xml:41:1-44:45
53            android:name="com.a4455jkjh.apktool.WallpaperActivity"
53-->src/main/AndroidManifest.xml:42:1-34
54            android:exported="false"
54-->src/main/AndroidManifest.xml:43:1-25
55            android:label="@string/launcher_wallpaper" />
55-->src/main/AndroidManifest.xml:44:1-43
56
57        <provider
57-->src/main/AndroidManifest.xml:45:3-49:40
58            android:name="com.a4455jkjh.apktool.FileProvider"
58-->src/main/AndroidManifest.xml:46:4-53
59            android:authorities="com.a4455jkjh.fileprovider"
59-->src/main/AndroidManifest.xml:48:4-52
60            android:exported="false"
60-->src/main/AndroidManifest.xml:47:4-28
61            android:grantUriPermissions="true" />
61-->src/main/AndroidManifest.xml:49:4-38
62    </application>
63
64</manifest>